2026-02-05T16:47:45.308Z [apify] INFO  Scraping region: Champagne (depth: 0)
2026-02-05T16:48:13.198Z [apify] INFO  Scraping region: Champagne Blanc De Noirs (depth: 1)
2026-02-05T16:50:54.084Z [apify] INFO  Scraping region: France (depth: 1)
2026-02-05T16:51:20.992Z [apify] INFO  Scraping region: Champagne Doux (depth: 1)
2026-02-05T16:51:33.318Z [apify] INFO  Scraping region: Marc De Champagne (depth: 1)
2026-02-05T16:52:13.279Z [apify] INFO  Scraping region: Rose Des Riceys (depth: 1)
2026-02-05T16:52:37.759Z [apify] INFO  Scraping region: Champagne Extra Brut (depth: 1)
2026-02-05T16:55:19.874Z [apify] INFO  Scraping region: Champagne Rose (depth: 1)
2026-02-05T16:55:46.894Z [apify] INFO  Scraping region: Champagne Brut Nature - Zero (depth: 1)
2026-02-05T16:56:19.054Z [apify] INFO  Scraping region: Champagne Sec (depth: 1)
2026-02-05T16:56:38.184Z [apify] INFO  Scraping region: Champagne Brut (depth: 1)
2026-02-05T16:57:04.666Z [apify] INFO  Scraping region: Champagne Extra Dry (depth: 1)
2026-02-05T16:57:26.122Z [apify] INFO  Scraping region: Coteaux Champenois (depth: 1)
2026-02-05T16:59:54.621Z [apify] INFO  Scraping region: Champagne Blanc De Blancs (depth: 1)
2026-02-05T17:00:47.425Z [apify] INFO  Scraping region: Champagne Demi-Sec (depth: 1)
2026-02-05T17:01:05.597Z [apify] INFO  Scraping region: Alsace (depth: 2)
2026-02-05T17:07:32.122Z [apify] INFO  Scraping region: Vin De France - Vin De Table (depth: 2)
2026-02-05T17:08:09.756Z [apify] INFO  Scraping region: Loire (depth: 2)
2026-02-05T17:08:51.021Z [apify] INFO  Scraping region: Normandy (depth: 2)
2026-02-05T17:09:08.904Z [apify] INFO  Scraping region: Brittany (depth: 2)
2026-02-05T17:11:42.511Z [apify] INFO  Scraping region: Burgundy (depth: 2)
2026-02-05T17:12:04.517Z [apify] INFO  Scraping region: Beaujolais (depth: 2)
2026-02-05T17:13:46.775Z [apify] INFO  Scraping region: Coteaux Du Lyonnais (depth: 2)
2026-02-05T17:14:54.841Z [apify] INFO  Scraping region: Bordeaux (depth: 2)
2026-02-05T17:15:37.794Z [apify] INFO  Scraping region: Corsica (depth: 2)
2026-02-05T17:16:05.704Z [apify] INFO  Scraping region: Armagnac (depth: 2)
2026-02-05T17:16:43.411Z [apify] INFO  Scraping region: Provence (depth: 2)
2026-02-05T17:18:17.003Z [apify] INFO  Scraping region: Moselle (depth: 2)
2026-02-05T17:18:50.234Z [apify] INFO  Scraping region: South West France (depth: 2)
2026-02-05T17:19:25.964Z [apify] INFO  Scraping region: Rhone (depth: 2)
2026-02-05T17:19:43.609Z [apify] INFO  Scraping region: Savoie (depth: 2)
2026-02-05T17:20:33.125Z [apify] INFO  Scraping region: Languedoc-Roussillon (depth: 2)
2026-02-05T17:21:04.814Z [apify] INFO  Scraping region: Vin De Pays - Igp (depth: 2)
2026-02-05T17:21:21.224Z [apify] INFO  Scraping region: Cognac (depth: 2)
2026-02-05T17:21:50.434Z [apify] INFO  Scraping region: Jura (depth: 2)
2026-02-05T17:22:17.781Z [apify] INFO  Scraping region: Vendomois (depth: 3)
2026-02-05T17:22:47.346Z [apify] INFO  Scraping region: Auvergne (depth: 3)
2026-02-05T17:23:48.955Z [apify] INFO  Scraping region: Touraine (depth: 3)
2026-02-05T17:24:22.758Z [apify] INFO  Scraping region: Upper Loire (depth: 3)
2026-02-05T17:25:31.568Z [apify] INFO  Scraping region: Anjou (depth: 3)
2026-02-05T17:28:05.085Z [apify] INFO  Scraping region: Vendee-Poitou (depth: 3)
2026-02-05T17:28:42.184Z [apify] INFO  Scraping region: Rose De Loire (depth: 3)
2026-02-05T17:29:09.218Z [apify] INFO  Scraping region: Cremant De Loire (depth: 3)
2026-02-05T17:29:31.334Z [apify] INFO  Scraping region: Pays Nantais - Muscadet (depth: 3)
2026-02-05T17:29:57.285Z [apify] INFO  Scraping region: Normandy Cider (depth: 3)
2026-02-05T17:34:57.897Z [apify] INFO  Scraping region: Calvados (depth: 3)
2026-02-05T17:37:01.244Z [apify] INFO  Scraping region: Eau-De-Vie De Fine De Bourgogne (depth: 3)
2026-02-05T17:40:14.015Z [apify] INFO  Scraping region: Cote De Beaune (depth: 3)
2026-02-05T17:40:33.157Z [apify] INFO  Scraping region: Cote De Nuits (depth: 3)
2026-02-05T17:43:02.184Z [apify] INFO  Scraping region: Chablisien (depth: 3)
2026-02-05T17:45:29.712Z [apify] INFO  Scraping region: Cote Chalonnaise (depth: 3)
2026-02-05T17:46:01.253Z [apify] INFO  Scraping region: Maconnais (depth: 3)
2026-02-05T17:46:39.499Z [apify] INFO  Scraping region: Grand Auxerrois (depth: 3)
2026-02-05T17:46:57.197Z [apify] INFO  Scraping region: Eau-De-Vie De Marc De Bourgogne (depth: 3)
